<?xml version="1.0" encoding="UTF-8" ?>
<testsuites disabled="0" errors="0" failures="2" tests="5" time="0.05">
 <testsuite name="Add functionality" timestamp="2019-05-18T22:29:33" hostname="localhost" time="0.05" errors="0" tests="5" skipped="0" disabled="0" failures="2">
  <testcase classname="Add functionality" name="calculates that x + y = z" time="0.005" />
  <testcase classname="Add functionality" name="calculates that x - y = z" time="0.012">
   <failure type="toEqual" message="Expected 0 not to equal 0."><![CDATA[Error: Expected 0 not to equal 0.
    at <Jasmine>
    at UserContext.<anonymous> (/Users/andreszuleta/Documents/Experimentos/pruebas/spec/calculadora/calculadora.model.spec.js:1:3195)
    at <Jasmine>]]>
   </failure>
  </testcase>
  <testcase classname="Add functionality" name="calculates that x + y != z" time="0.003" />
  <testcase classname="Add functionality" name="calculates that x / y = z" time="0.002" />
  <testcase classname="Add functionality" name="calculates that x * y = z" time="0.002">
   <failure type="toEqual" message="Expected 16 not to equal 16."><![CDATA[Error: Expected 16 not to equal 16.
    at <Jasmine>
    at UserContext.<anonymous> (/Users/andreszuleta/Documents/Experimentos/pruebas/spec/calculadora/calculadora.model.spec.js:1:3357)
    at <Jasmine>]]>
   </failure>
  </testcase>
 </testsuite>
</testsuites>